0 silly argv {
0 silly argv   _: [ 'publish' ],
0 silly argv   composed: 'publish',
0 silly argv   lernaVersion: '4.0.0',
0 silly argv   '$0': 'lerna'
0 silly argv }
1 notice cli v4.0.0
2 verbose rootPath /Users/shangwfa/tuya/niu-cli
3 verbose session a7e8d1811d9912c7
4 verbose user-agent lerna/4.0.0/node@v16.1.0+x64 (darwin)
5 silly argv { _: [ 'publish' ], composed: 'publish', lernaVersion: '4.0.0' }
6 verbose rootPath /Users/shangwfa/tuya/niu-cli
7 info current version 0.0.6
8 silly isAnythingCommitted
9 verbose isAnythingCommitted 1
10 silly getCurrentBranch
11 verbose currentBranch dev
12 silly remoteBranchExists
13 silly isBehindUpstream
14 silly isBehindUpstream dev is behind origin/dev by 0 commit(s) and ahead by 1
15 silly hasTags
16 verbose hasTags true
17 silly git-describe.sync "v0.0.6-1-g93263de" => {"lastTagName":"v0.0.6","lastVersion":"v0.0.6","refCount":"1","sha":"93263de","isDirty":false}
18 info Looking for changed packages since v0.0.6
19 silly checking diff packages/cli-plugin-test1
20 silly found diff in packages/cli-plugin-test1/package.json
21 verbose filtered diff [ 'packages/cli-plugin-test1/package.json' ]
22 silly checking diff packages/cli-plugin-test2
23 silly found diff in packages/cli-plugin-test2/package.json
24 verbose filtered diff [ 'packages/cli-plugin-test2/package.json' ]
25 silly checking diff packages/cli
26 silly found diff in packages/cli/package.json
27 verbose filtered diff [ 'packages/cli/package.json' ]
28 verbose updated @niub/cli-plugin-test1
29 verbose updated @niub/cli-plugin-test2
30 verbose updated @niub/cli
31 verbose git-describe undefined => "v0.0.6-1-g93263de"
32 silly git-describe parsed => {"lastTagName":"v0.0.6","lastVersion":"v0.0.6","refCount":"1","sha":"93263de","isDirty":false}
33 info execute Skipping releases
34 silly lifecycle No script for "preversion" in "root", continuing
35 silly lifecycle No script for "preversion" in "@niub/cli-plugin-test1", continuing
36 silly lifecycle No script for "preversion" in "@niub/cli-plugin-test2", continuing
37 silly lifecycle No script for "preversion" in "@niub/cli", continuing
38 silly lifecycle No script for "version" in "@niub/cli-plugin-test1", continuing
39 silly lifecycle No script for "version" in "@niub/cli-plugin-test2", continuing
40 silly lifecycle No script for "version" in "@niub/cli", continuing
41 silly lifecycle No script for "version" in "root", continuing
42 silly gitAdd [
42 silly gitAdd   'packages/cli-plugin-test1/package.json',
42 silly gitAdd   'packages/cli-plugin-test2/package.json',
42 silly gitAdd   'packages/cli/package.json',
42 silly gitAdd   'lerna.json'
42 silly gitAdd ]
43 silly gitCommit v0.0.7
44 verbose git [ 'commit', '-m', 'v0.0.7' ]
45 silly gitTag v0.0.7
46 verbose git [ 'tag', 'v0.0.7', '-m', 'v0.0.7' ]
47 silly lifecycle No script for "postversion" in "@niub/cli-plugin-test1", continuing
48 silly lifecycle No script for "postversion" in "@niub/cli-plugin-test2", continuing
49 silly lifecycle No script for "postversion" in "@niub/cli", continuing
50 silly lifecycle No script for "postversion" in "root", continuing
51 info git Pushing tags...
52 silly gitPush origin dev
53 info publish Publishing packages to npm...
54 info Verifying npm credentials
55 verbose Retrieving npm user profile
56 http fetch GET 200 https://registry.npmjs.org/-/npm/v1/user 997ms
57 silly npm profile get received {"tfa":false,"name":"shangwfa","email":"shangwfa@gmail.com","email_verified":true,"created":"2017-12-08T13:29:00.108Z","updated":"2021-04-02T01:56:43.268Z","cidr_whitelist":null,"twitter":"xxx"}
58 silly get npm username received {"username":"shangwfa","tfa":false,"name":"shangwfa","email":"shangwfa@gmail.com","email_verified":true,"created":"2017-12-08T13:29:00.108Z","updated":"2021-04-02T01:56:43.268Z","cidr_whitelist":null,"twitter":"xxx"}
59 silly verifyNpmPackageAccess
60 http fetch GET 200 https://registry.npmjs.org/-/org/shangwfa/package?format=cli 310ms
61 info Checking two-factor auth mode
62 verbose Retrieving npm user profile
63 http fetch GET 200 https://registry.npmjs.org/-/npm/v1/user 301ms
64 silly npm profile get received {"tfa":false,"name":"shangwfa","email":"shangwfa@gmail.com","email_verified":true,"created":"2017-12-08T13:29:00.108Z","updated":"2021-04-02T01:56:43.268Z","cidr_whitelist":null,"twitter":"xxx"}
65 silly 2FA false
66 silly getCurrentSHA
67 verbose getCurrentSHA 62862d6908c4f048308bb4fdd06a6298e0076b50
68 silly lifecycle No script for "prepublish" in "root", continuing
69 silly lifecycle No script for "prepare" in "root", continuing
70 silly lifecycle No script for "prepublishOnly" in "root", continuing
71 silly lifecycle No script for "prepack" in "root", continuing
72 verbose pack-directory packages/cli-plugin-test1
73 verbose pack-directory packages/cli-plugin-test2
74 verbose pack-directory packages/cli
75 silly lifecycle No script for "prepublish" in "@niub/cli-plugin-test1", continuing
76 silly lifecycle No script for "prepublish" in "@niub/cli-plugin-test2", continuing
77 silly lifecycle No script for "prepublish" in "@niub/cli", continuing
78 silly lifecycle No script for "prepare" in "@niub/cli-plugin-test1", continuing
79 silly lifecycle No script for "prepare" in "@niub/cli-plugin-test2", continuing
80 silly lifecycle No script for "prepare" in "@niub/cli", continuing
81 silly lifecycle No script for "prepublishOnly" in "@niub/cli-plugin-test1", continuing
82 silly lifecycle No script for "prepublishOnly" in "@niub/cli", continuing
83 silly lifecycle No script for "prepublishOnly" in "@niub/cli-plugin-test2", continuing
84 silly lifecycle No script for "prepack" in "@niub/cli-plugin-test1", continuing
85 silly lifecycle No script for "prepack" in "@niub/cli", continuing
86 silly lifecycle No script for "prepack" in "@niub/cli-plugin-test2", continuing
87 silly lifecycle No script for "postpack" in "@niub/cli-plugin-test1", continuing
88 verbose packed packages/cli-plugin-test1
89 silly lifecycle No script for "postpack" in "@niub/cli", continuing
90 verbose packed packages/cli
91 silly lifecycle No script for "postpack" in "@niub/cli-plugin-test2", continuing
92 verbose packed packages/cli-plugin-test2
93 silly lifecycle No script for "postpack" in "root", continuing
94 verbose publish @niub/cli-plugin-test1
95 verbose publish @niub/cli-plugin-test2
96 verbose publish @niub/cli
97 silly FetchError: request to https://registry.npm.org/@niub%2fcli failed, reason: Hostname/IP does not match certificate's altnames: Host: registry.npm.org. is not in the cert's altnames: DNS:npmsecure.org, DNS:www.npmsecure.org
97 silly     at ClientRequest.<anonymous> (/usr/local/lib/node_modules/lerna/node_modules/minipass-fetch/lib/index.js:97:14)
97 silly     at ClientRequest.emit (node:events:365:28)
97 silly     at TLSSocket.socketErrorListener (node:_http_client:447:9)
97 silly     at TLSSocket.emit (node:events:377:35)
97 silly     at emitErrorNT (node:internal/streams/destroy:193:8)
97 silly     at emitErrorCloseNT (node:internal/streams/destroy:158:3)
97 silly     at processTicksAndRejections (node:internal/process/task_queues:83:21)
97 silly  FetchError: request to https://registry.npm.org/@niub%2fcli failed, reason: Hostname/IP does not match certificate's altnames: Host: registry.npm.org. is not in the cert's altnames: DNS:npmsecure.org, DNS:www.npmsecure.org
97 silly     at ClientRequest.<anonymous> (/usr/local/lib/node_modules/lerna/node_modules/minipass-fetch/lib/index.js:97:14)
97 silly     at ClientRequest.emit (node:events:365:28)
97 silly     at TLSSocket.socketErrorListener (node:_http_client:447:9)
97 silly     at TLSSocket.emit (node:events:377:35)
97 silly     at emitErrorNT (node:internal/streams/destroy:193:8)
97 silly     at emitErrorCloseNT (node:internal/streams/destroy:158:3)
97 silly     at processTicksAndRejections (node:internal/process/task_queues:83:21) {
97 silly   code: 'ERR_TLS_CERT_ALTNAME_INVALID',
97 silly   reason: "Host: registry.npm.org. is not in the cert's altnames: DNS:npmsecure.org, DNS:www.npmsecure.org",
97 silly   host: 'registry.npm.org',
97 silly   cert: {
97 silly     subject: [Object: null prototype] { CN: 'npmsecure.org' },
97 silly     issuer: [Object: null prototype] {
97 silly       C: 'GB',
97 silly       ST: 'Greater Manchester',
97 silly       L: 'Salford',
97 silly       O: 'Sectigo Limited',
97 silly       CN: 'Sectigo RSA Domain Validation Secure Server CA'
97 silly     },
97 silly     subjectaltname: 'DNS:npmsecure.org, DNS:www.npmsecure.org',
97 silly     infoAccess: [Object: null prototype] {
97 silly       'CA Issuers - URI': [Array],
97 silly       'OCSP - URI': [Array]
97 silly     },
97 silly     modulus: '9EDE9AFD01944BCB4E57F814207C17BDBE8FBFF5E4FF2EB0A13E3855F7E91DB8AB80248D070AD2C1A1E117F14BF1763C5834B38733F88DBCE799924BC6C5705396E148017A1C152C5C0F5AF68D96697ED4973A5389D6EA6A1EE114CBB96B140E0376CD09BCE367BB9E8ECB446D95BCD27B6DB565B3F921BB1B6AD046BD95DB67702085B794834E77A69525020855BA79FD99E8916B8DE8AFFBB51A0FF00BCE0681E39BA859F8A93CD08BC946040E3871CD0A7758C18B675429BBB238934DC2D50D73F7D965CD8F62561423B994C12F27A1AC33BA017DB85F1C7805A845D6FA11E0B00D629650F24E237D54569650AEA1EBC1BE1C501F003B877F246685A5F067',
97 silly     bits: 2048,
97 silly     exponent: '0x10001',
97 silly     pubkey: <Buffer 30 82 01 22 30 0d 06 09 2a 86 48 86 f7 0d 01 01 01 05 00 03 82 01 0f 00 30 82 01 0a 02 82 01 01 00 9e de 9a fd 01 94 4b cb 4e 57 f8 14 20 7c 17 bd be ... 244 more bytes>,
97 silly     valid_from: 'Jan 16 00:00:00 2021 GMT',
97 silly     valid_to: 'Jan 23 23:59:59 2022 GMT',
97 silly     fingerprint: '8A:F4:46:B4:5F:B4:D8:9A:1C:2B:BA:E7:14:1D:90:DA:2A:36:7E:09',
97 silly     fingerprint256: '7E:25:A1:C4:1E:A8:2C:8D:93:27:38:FA:1C:72:ED:01:D8:82:12:91:A2:BF:28:02:1D:0D:99:4B:49:AB:2C:8B',
97 silly     ext_key_usage: [ '1.3.6.1.5.5.7.3.1', '1.3.6.1.5.5.7.3.2' ],
97 silly     serialNumber: '7E2ADE78D4679C1240027F00B31B6F55',
97 silly     raw: <Buffer 30 82 05 be 30 82 04 a6 a0 03 02 01 02 02 10 7e 2a de 78 d4 67 9c 12 40 02 7f 00 b3 1b 6f 55 30 0d 06 09 2a 86 48 86 f7 0d 01 01 0b 05 00 30 81 8f 31 ... 1424 more bytes>,
97 silly     issuerCertificate: {
97 silly       subject: [Object: null prototype],
97 silly       issuer: [Object: null prototype],
97 silly       infoAccess: [Object: null prototype],
97 silly       modulus: 'D67333D6D73C20D000D21745B8D63E07A23FC741EE3230C9B06CFDF49FCB12980F2D3F8D4D010C820F177F622EE9B84879FB16834EADD7322593B707BFB9503FA94CC3402AE939FFD981CA1F163241DA8026B9237A87201EE3FF209A3C95446F8775069040B4329316091008233ED2DD870F6F5D51146A0A69C54F017269CFD3934C6D04A0A31B827EB19AB9EDC59EC537789F9A0834FB562E58C4090E06645BBC37DCF19F2868A856B092A35C9FBB8898081B241DAB3085AEAFB02E9E7A9DC1C0421CE202F0EAE04AD2EF900EB4C14016F06F85424A64F7A430A0FEBF2EA3275A8E8B58B8ADC319178463ED6F56FD83CB6034C474BEE69DDBE1E4E5CA0C5F15',
97 silly       bits: 2048,
97 silly       exponent: '0x10001',
97 silly       pubkey: <Buffer 30 82 01 22 30 0d 06 09 2a 86 48 86 f7 0d 01 01 01 05 00 03 82 01 0f 00 30 82 01 0a 02 82 01 01 00 d6 73 33 d6 d7 3c 20 d0 00 d2 17 45 b8 d6 3e 07 a2 ... 244 more bytes>,
97 silly       valid_from: 'Nov  2 00:00:00 2018 GMT',
97 silly       valid_to: 'Dec 31 23:59:59 2030 GMT',
97 silly       fingerprint: '33:E4:E8:08:07:20:4C:2B:61:82:A3:A1:4B:59:1A:CD:25:B5:F0:DB',
97 silly       fingerprint256: '7F:A4:FF:68:EC:04:A9:9D:75:28:D5:08:5F:94:90:7F:4D:1D:D1:C5:38:1B:AC:DC:83:2E:D5:C9:60:21:46:76',
97 silly       ext_key_usage: [Array],
97 silly       serialNumber: '7D5B5126B476BA11DB74160BBC530DA7',
97 silly       raw: <Buffer 30 82 06 13 30 82 03 fb a0 03 02 01 02 02 10 7d 5b 51 26 b4 76 ba 11 db 74 16 0b bc 53 0d a7 30 0d 06 09 2a 86 48 86 f7 0d 01 01 0c 05 00 30 81 88 31 ... 1509 more bytes>,
97 silly       issuerCertificate: [Object]
97 silly     }
97 silly   },
97 silly   errno: 'ERR_TLS_CERT_ALTNAME_INVALID',
97 silly   type: 'system'
97 silly }
98 error ERR_TLS_CERT_ALTNAME_INVALID request to https://registry.npm.org/@niub%2fcli failed, reason: Hostname/IP does not match certificate's altnames: Host: registry.npm.org. is not in the cert's altnames: DNS:npmsecure.org, DNS:www.npmsecure.org
99 error FetchError: request to https://registry.npm.org/@niub%2fcli failed, reason: Hostname/IP does not match certificate's altnames: Host: registry.npm.org. is not in the cert's altnames: DNS:npmsecure.org, DNS:www.npmsecure.org
99 error     at ClientRequest.<anonymous> (/usr/local/lib/node_modules/lerna/node_modules/minipass-fetch/lib/index.js:97:14)
99 error     at ClientRequest.emit (node:events:365:28)
99 error     at TLSSocket.socketErrorListener (node:_http_client:447:9)
99 error     at TLSSocket.emit (node:events:377:35)
99 error     at emitErrorNT (node:internal/streams/destroy:193:8)
99 error     at emitErrorCloseNT (node:internal/streams/destroy:158:3)
